gpt.ts(27,1): error TS2552: Cannot find name 'studentsList'. Did you mean 'studentsLists'?
gpt.ts(28,15): error TS2552: Cannot find name 'table'. Did you mean 'table1'?
