../node_modules/@types/webpack/index.d.ts(17,5): error TS2305: Module '"tapable"' has no exported member 'Tapable'.
../node_modules/@types/webpack/index.d.ts(1125,23): error TS2707: Generic type 'SyncWaterfallHook<T, AdditionalOptions>' requires between 1 and 2 type arguments.
../node_modules/@types/webpack/index.d.ts(1126,22): error TS2707: Generic type 'SyncWaterfallHook<T, AdditionalOptions>' requires between 1 and 2 type arguments.
../node_modules/@types/webpack/index.d.ts(1127,28): error TS2707: Generic type 'AsyncSeriesWaterfallHook<T, AdditionalOptions>' requires between 1 and 2 type arguments.
../node_modules/@types/webpack/index.d.ts(1128,27): error TS2707: Generic type 'AsyncSeriesWaterfallHook<T, AdditionalOptions>' requires between 1 and 2 type arguments.
../node_modules/@types/webpack/index.d.ts(1129,27): error TS2707: Generic type 'SyncBailHook<T, R, AdditionalOptions>' requires between 2 and 3 type arguments.
../node_modules/@types/webpack/index.d.ts(1130,21): error TS2707: Generic type 'SyncWaterfallHook<T, AdditionalOptions>' requires between 1 and 2 type arguments.
../node_modules/@types/webpack/index.d.ts(1131,27): error TS2314: Generic type 'HookMap<H>' requires 1 type argument(s).
../node_modules/@types/webpack/index.d.ts(1133,30): error TS2314: Generic type 'HookMap<H>' requires 1 type argument(s).
../node_modules/@types/webpack/index.d.ts(1134,24): error TS2314: Generic type 'HookMap<H>' requires 1 type argument(s).
../node_modules/@types/webpack/index.d.ts(1143,33): error TS2314: Generic type 'HookMap<H>' requires 1 type argument(s).
../node_modules/@types/webpack/index.d.ts(1144,27): error TS2314: Generic type 'HookMap<H>' requires 1 type argument(s).
../node_modules/@types/webpack/index.d.ts(1145,37): error TS2314: Generic type 'HookMap<H>' requires 1 type argument(s).
../node_modules/@types/webpack/index.d.ts(1146,44): error TS2314: Generic type 'HookMap<H>' requires 1 type argument(s).
../node_modules/@types/webpack/index.d.ts(1147,47): error TS2314: Generic type 'HookMap<H>' requires 1 type argument(s).
../node_modules/@types/webpack/index.d.ts(1148,28): error TS2707: Generic type 'SyncBailHook<T, R, AdditionalOptions>' requires between 2 and 3 type arguments.
../node_modules/@types/webpack/index.d.ts(1149,30): error TS2707: Generic type 'SyncBailHook<T, R, AdditionalOptions>' requires between 2 and 3 type arguments.
../node_modules/@types/webpack/index.d.ts(1150,24): error TS2314: Generic type 'HookMap<H>' requires 1 type argument(s).
../node_modules/@types/webpack/index.d.ts(1151,25): error TS2707: Generic type 'SyncBailHook<T, R, AdditionalOptions>' requires between 2 and 3 type arguments.
../node_modules/@types/webpack/index.d.ts(1152,34): error TS2707: Generic type 'SyncBailHook<T, R, AdditionalOptions>' requires between 2 and 3 type arguments.
../node_modules/@types/webpack/index.d.ts(1153,25): error TS2707: Generic type 'SyncBailHook<T, R, AdditionalOptions>' requires between 2 and 3 type arguments.
../node_modules/@types/webpack/index.d.ts(1154,31): error TS2707: Generic type 'SyncBailHook<T, R, AdditionalOptions>' requires between 2 and 3 type arguments.
../node_modules/@types/webpack/index.d.ts(1155,36): error TS2707: Generic type 'SyncBailHook<T, R, AdditionalOptions>' requires between 2 and 3 type arguments.
../node_modules/@types/webpack/index.d.ts(1156,35): error TS2707: Generic type 'SyncBailHook<T, R, AdditionalOptions>' requires between 2 and 3 type arguments.
../node_modules/@types/webpack/index.d.ts(1157,34): error TS2707: Generic type 'SyncBailHook<T, R, AdditionalOptions>' requires between 2 and 3 type arguments.
../node_modules/@types/webpack/index.d.ts(1158,40): error TS2707: Generic type 'SyncBailHook<T, R, AdditionalOptions>' requires between 2 and 3 type arguments.
../node_modules/@types/webpack/index.d.ts(1159,33): error TS2707: Generic type 'SyncBailHook<T, R, AdditionalOptions>' requires between 2 and 3 type arguments.
../node_modules/@types/webpack/index.d.ts(1160,36): error TS2314: Generic type 'HookMap<H>' requires 1 type argument(s).
../node_modules/@types/webpack/index.d.ts(1161,38): error TS2314: Generic type 'HookMap<H>' requires 1 type argument(s).
../node_modules/@types/webpack/index.d.ts(1162,36): error TS2314: Generic type 'HookMap<H>' requires 1 type argument(s).
../node_modules/@types/webpack/index.d.ts(1163,28): error TS2314: Generic type 'HookMap<H>' requires 1 type argument(s).
../node_modules/@types/webpack/index.d.ts(1164,25): error TS2314: Generic type 'HookMap<H>' requires 1 type argument(s).
../node_modules/@types/webpack/index.d.ts(1165,27): error TS2314: Generic type 'HookMap<H>' requires 1 type argument(s).
../node_modules/@types/webpack/index.d.ts(1166,25): error TS2314: Generic type 'HookMap<H>' requires 1 type argument(s).
../node_modules/@types/webpack/index.d.ts(1167,29): error TS2707: Generic type 'SyncBailHook<T, R, AdditionalOptions>' requires between 2 and 3 type arguments.
../node_modules/@types/webpack/index.d.ts(1168,23): error TS2314: Generic type 'HookMap<H>' requires 1 type argument(s).
../node_modules/@types/webpack/index.d.ts(1169,32): error TS2314: Generic type 'HookMap<H>' requires 1 type argument(s).
../node_modules/@types/webpack/index.d.ts(1170,22): error TS2314: Generic type 'HookMap<H>' requires 1 type argument(s).
../node_modules/@types/webpack/index.d.ts(1171,29): error TS2314: Generic type 'HookMap<H>' requires 1 type argument(s).
../node_modules/@types/webpack/index.d.ts(1172,38): error TS2314: Generic type 'HookMap<H>' requires 1 type argument(s).
../node_modules/@types/webpack/index.d.ts(1173,48): error TS2707: Generic type 'SyncBailHook<T, R, AdditionalOptions>' requires between 2 and 3 type arguments.
../node_modules/@types/webpack/index.d.ts(1174,44): error TS2707: Generic type 'SyncBailHook<T, R, AdditionalOptions>' requires between 2 and 3 type arguments.
../node_modules/@types/webpack/index.d.ts(1175,26): error TS2707: Generic type 'SyncBailHook<T, R, AdditionalOptions>' requires between 2 and 3 type arguments.
../node_modules/@types/webpack/index.d.ts(1184,28): error TS2707: Generic type 'AsyncSeriesWaterfallHook<T, AdditionalOptions>' requires between 1 and 2 type arguments.
../node_modules/@types/webpack/index.d.ts(1185,27): error TS2707: Generic type 'AsyncSeriesWaterfallHook<T, AdditionalOptions>' requires between 1 and 2 type arguments.
../node_modules/@types/webpack/index.d.ts(1186,33): error TS2707: Generic type 'SyncWaterfallHook<T, AdditionalOptions>' requires between 1 and 2 type arguments.
../node_modules/@types/webpack/index.d.ts(1187,27): error TS2707: Generic type 'AsyncSeriesWaterfallHook<T, AdditionalOptions>' requires between 1 and 2 type arguments.
../node_modules/@types/webpack/index.d.ts(1207,21): error TS2707: Generic type 'SyncHook<T, R, AdditionalOptions>' requires between 1 and 3 type arguments.
../node_modules/@types/webpack/index.d.ts(1208,19): error TS2707: Generic type 'SyncHook<T, R, AdditionalOptions>' requires between 1 and 3 type arguments.
../node_modules/@types/webpack/index.d.ts(1210,40): error TS2707: Generic type 'SyncBailHook<T, R, AdditionalOptions>' requires between 2 and 3 type arguments.
../node_modules/@types/webpack/index.d.ts(1211,35): error TS2707: Generic type 'SyncBailHook<T, R, AdditionalOptions>' requires between 2 and 3 type arguments.
../node_modules/@types/webpack/index.d.ts(1212,43): error TS2707: Generic type 'SyncBailHook<T, R, AdditionalOptions>' requires between 2 and 3 type arguments.
../node_modules/@types/webpack/index.d.ts(1215,23): error TS2707: Generic type 'SyncHook<T, R, AdditionalOptions>' requires between 1 and 3 type arguments.
../node_modules/@types/webpack/index.d.ts(1217,35): error TS2707: Generic type 'SyncBailHook<T, R, AdditionalOptions>' requires between 2 and 3 type arguments.
../node_modules/@types/webpack/index.d.ts(1218,30): error TS2707: Generic type 'SyncBailHook<T, R, AdditionalOptions>' requires between 2 and 3 type arguments.
../node_modules/@types/webpack/index.d.ts(1219,38): error TS2707: Generic type 'SyncBailHook<T, R, AdditionalOptions>' requires between 2 and 3 type arguments.
../node_modules/@types/webpack/index.d.ts(1234,27): error TS2707: Generic type 'SyncBailHook<T, R, AdditionalOptions>' requires between 2 and 3 type arguments.
../node_modules/@types/webpack/index.d.ts(1253,25): error TS2707: Generic type 'SyncHook<T, R, AdditionalOptions>' requires between 1 and 3 type arguments.
../node_modules/@types/webpack/index.d.ts(1254,24): error TS2707: Generic type 'SyncHook<T, R, AdditionalOptions>' requires between 1 and 3 type arguments.
../node_modules/@types/webpack/index.d.ts(1260,33): error TS2707: Generic type 'SyncHook<T, R, AdditionalOptions>' requires between 1 and 3 type arguments.
../node_modules/@types/webpack/index.d.ts(1261,40): error TS2707: Generic type 'SyncBailHook<T, R, AdditionalOptions>' requires between 2 and 3 type arguments.
../node_modules/@types/webpack/index.d.ts(1262,32): error TS2707: Generic type 'SyncHook<T, R, AdditionalOptions>' requires between 1 and 3 type arguments.
../node_modules/@types/webpack/index.d.ts(1267,31): error TS2707: Generic type 'AsyncSeriesHook<T, AdditionalOptions>' requires between 1 and 2 type arguments.
../node_modules/@types/webpack/index.d.ts(1273,33): error TS2707: Generic type 'SyncBailHook<T, R, AdditionalOptions>' requires between 2 and 3 type arguments.
../node_modules/@types/webpack/index.d.ts(1274,24): error TS2707: Generic type 'AsyncSeriesHook<T, AdditionalOptions>' requires between 1 and 2 type arguments.
../node_modules/@types/webpack/index.d.ts(1282,33): error TS2707: Generic type 'SyncBailHook<T, R, AdditionalOptions>' requires between 2 and 3 type arguments.
../node_modules/@types/webpack/index.d.ts(1283,28): error TS2707: Generic type 'SyncHook<T, R, AdditionalOptions>' requires between 1 and 3 type arguments.
../node_modules/@types/webpack/index.d.ts(1287,43): error TS2707: Generic type 'SyncBailHook<T, R, AdditionalOptions>' requires between 2 and 3 type arguments.
../node_modules/@types/webpack/index.d.ts(1288,38): error TS2707: Generic type 'SyncBailHook<T, R, AdditionalOptions>' requires between 2 and 3 type arguments.
../node_modules/@types/webpack/index.d.ts(1289,46): error TS2707: Generic type 'SyncBailHook<T, R, AdditionalOptions>' requires between 2 and 3 type arguments.
../node_modules/@types/webpack/index.d.ts(1302,31): error TS2707: Generic type 'SyncWaterfallHook<T, AdditionalOptions>' requires between 1 and 2 type arguments.
../node_modules/@types/webpack/index.d.ts(1303,26): error TS2707: Generic type 'SyncWaterfallHook<T, AdditionalOptions>' requires between 1 and 2 type arguments.
../node_modules/@types/webpack/index.d.ts(1304,36): error TS2707: Generic type 'SyncWaterfallHook<T, AdditionalOptions>' requires between 1 and 2 type arguments.
../node_modules/@types/webpack/index.d.ts(1305,32): error TS2707: Generic type 'SyncWaterfallHook<T, AdditionalOptions>' requires between 1 and 2 type arguments.
../node_modules/@types/webpack/index.d.ts(1306,28): error TS2707: Generic type 'SyncWaterfallHook<T, AdditionalOptions>' requires between 1 and 2 type arguments.
../node_modules/@types/webpack/index.d.ts(1307,31): error TS2707: Generic type 'SyncWaterfallHook<T, AdditionalOptions>' requires between 1 and 2 type arguments.
../node_modules/@types/webpack/index.d.ts(1326,22): error TS2707: Generic type 'SyncWaterfallHook<T, AdditionalOptions>' requires between 1 and 2 type arguments.
../node_modules/@types/webpack/index.d.ts(1327,21): error TS2707: Generic type 'SyncWaterfallHook<T, AdditionalOptions>' requires between 1 and 2 type arguments.
../node_modules/@types/webpack/index.d.ts(1328,21): error TS2707: Generic type 'SyncWaterfallHook<T, AdditionalOptions>' requires between 1 and 2 type arguments.
../node_modules/@types/webpack/index.d.ts(1329,22): error TS2707: Generic type 'SyncWaterfallHook<T, AdditionalOptions>' requires between 1 and 2 type arguments.
../node_modules/@types/webpack/index.d.ts(1330,19): error TS2707: Generic type 'SyncHook<T, R, AdditionalOptions>' requires between 1 and 3 type arguments.
../node_modules/@types/webpack/index.d.ts(1429,25): error TS2707: Generic type 'SyncBailHook<T, R, AdditionalOptions>' requires between 2 and 3 type arguments.
../node_modules/@types/webpack/index.d.ts(1431,29): error TS2707: Generic type 'AsyncSeriesHook<T, AdditionalOptions>' requires between 1 and 2 type arguments.
../node_modules/@types/webpack/index.d.ts(1447,25): error TS2707: Generic type 'SyncHook<T, R, AdditionalOptions>' requires between 1 and 3 type arguments.
../node_modules/@types/webpack/index.d.ts(1448,26): error TS2707: Generic type 'SyncHook<T, R, AdditionalOptions>' requires between 1 and 3 type arguments.
../node_modules/@types/webpack/index.d.ts(1449,31): error TS2707: Generic type 'SyncHook<T, R, AdditionalOptions>' requires between 1 and 3 type arguments.
../node_modules/@types/webpack/index.d.ts(1452,26): error TS2707: Generic type 'SyncBailHook<T, R, AdditionalOptions>' requires between 2 and 3 type arguments.
../node_modules/@types/webpack/index.d.ts(1472,25): error TS2707: Generic type 'SyncHook<T, R, AdditionalOptions>' requires between 1 and 3 type arguments.
../node_modules/@types/webpack/index.d.ts(1539,24): error TS2707: Generic type 'SyncBailHook<T, R, AdditionalOptions>' requires between 2 and 3 type arguments.
../node_modules/jest-diff/build/index.d.ts(7,48): error TS2307: Cannot find module 'jest-diff/src/types' or its corresponding type declarations.
